;feature, race (РВС), class, remort, level, is_nauralfeature
;
; лекарь
пьяница *		1 0 0	0	0	1	0
привычка к		1 0 0	0	0	1	0
сила духа		1 0 0	0	0	1	0
лесные тропы		1 0 0	0	0	1	0
горные тропы		1 0 0	0	0	1	0
слепой бой		1 0 0	0	0	1	0
;двуручный бой		1 0 0	0	0	1	0
любимое_оружие: палица	1 0 0	0	0	1	0
любимое_оружие: секира	1 0 0	0	0	1	0
любимое_оружие: нож	1 0 0	0	0	1	0
любимое_оружие: кинжал	1 0 0	0	0	1	0
любимое_оружие: копье	1 0 0	0	0	1	0
любимое_оружие: лук	1 0 0	0	0	1	0
быстрое заживление	1 0 0	0	0	1	1
боевое колдовство	1 0 0	0	0	1	1
мгновенная реакция	1 0 0	0	0	5	0
тяжеловоз *		1 0 0	0	0	5	0
жонглер *		1 0 0	0	0	10	0
травник *		1 0 0	0	0	10	0
деревянная кожа		1 0 0	0	0	10	0
выносливость *		1 0 0   0       0       10      0
двойной выстрел		1 0 0	0	0	15	0
подмена заклинания	1 0 0	0	0	15	0
знаток *		1 0 0	0	0	15	0
легкая поступь		1 0 0	0	0	15	0
целитель *		1 0 0   0       0       20      0
боевой дух		1 0 0	0	0	25	0
изгоняющий нежить	1 0 0	0	0	25	0
;
; колдун
пьяница *		1 0 0	1	0	1	0
привычка к              1 0 0   1       0       1       0
сила духа		1 0 0	1	0	1	0
лесные тропы		1 0 0	1	0	1	0
горные тропы		1 0 0	1	0	1	0
превосходная память	1 0 0	1	0	1	1
любимое_оружие: палица	1 0 0	1	0	5	0
любимое_оружие: нож	1 0 0	1	0	5	0
мгновенная реакция	1 0 0	1	0	5	0
тяжеловоз *		1 0 0	1	0	5	0
жонглер *		1 0 0	1	0	10	0
травник *		1 0 0	1	0	10	0
деревянная кожа		1 0 0	1	0	10	0
выносливость *		1 0 0   1       0       10      0
знаток *		1 0 0	1	0	15	0
боевой дух		1 0 0	1	0	25	0
; 
; тать
пьяница *		1 0 0	2	0	1	0
привычка к              1 0 0   2       0       1       0
лесные тропы		1 0 0	2	0	1	0
горные тропы		1 0 0	2	0	1	0
слепой бой		1 0 0	2	0	1	0
;двуручный бой		1 0 0	2	0	1	0
легкая поступь		1 0 0	2	0	1	0
любимое_оружие: голые	1 0 0	2	0	1	0
любимое_оружие: палица	1 0 0	2	0	1	0
любимое_оружие: нож	1 0 0	2	0	1	0
любимое_оружие: необыч	1 0 0	2	0	1	0
любимое_оружие: кинжал	1 0 0	2	0	1	0
любимое_оружие: копье	1 0 0	2	0	1	0
любимое_оружие: лук	1 0 0	2	0	1	0
твердая рука		1 0 0	2	0	1	1
сила духа		1 0 0	2	0	5	0
ловкач *		1 0 0	2	0	5	0
мгновенная реакция	1 0 0	2	0	5	0
тяжеловоз *		1 0 0	2	0	5	0
жонглер *		1 0 0	2	0	10	0
деревянная кожа		1 0 0	2	0	10	0
незаметность *		1 0 0	2	0	10	0
выносливость *		1 0 0   2       0       10      0
двойной выстрел		1 0 0	2	0	15	0
мастер кулач		1 0 0	2	0	24	0
мастер палицы		1 0 0	2	0	24	0
мастер ножа		1 0 0	2	0	24	0
мастер необыч		1 0 0	2	0	24	0
мастер кинжал		1 0 0	2	0	24	0
мастер копья		1 0 0	2	0	24	0
мастер-лучник *		1 0 0	2	0	24	0
прицельная атака	1 0 0	2	0	25	0
мощная атака		1 0 0	2	0	25	0
ловкий удар		1 0 0	2	0	25	0
боевой дух		1 0 0	2	0	25	0
;
; богатырь
пьяница *		1 0 0	3	0	1	0
привычка к              1 0 0   3       0       1       0
лесные тропы		1 0 0	3	0	1	0
горные тропы		1 0 0	3	0	1	0
слепой бой		1 0 0	3	0	1	0
предсмертная ярость	1 0 0	3	0	1	0
любимое_оружие: голые	1 0 0	3	0	1	0
любимое_оружие: палица	1 0 0	3	0	1	0
любимое_оружие: секира	1 0 0	3	0	1	0
любимое_оружие: меч	1 0 0	3	0	1	0
любимое_оружие: необыч	1 0 0	3	0	1	0
любимое_оружие: двуруч	1 0 0	3	0	1	0
любимое_оружие: копье	1 0 0	3	0	1	0
;двуручный бой		1 0 0	3	0	1	1
сила духа		1 0 0	3	0	5	0
мгновенная реакция	1 0 0	3	0	5	0
тяжеловоз *		1 0 0	3	0	5	0
жонглер *		1 0 0	3	0	10	0
деревянная кожа		1 0 0	3	0	10	0
мощная атака		1 0 0	3	0	10	0
прицельная атака	1 0 0	3	0	10	0
выносливость *		1 0 0   3       0       10      0
следопыт *		1 0 0	3	0	10	0
улучшенная прицельная	1 0 0	3	0	15	0
улучшенная мощная	1 0 0	3	0	15	0
ловкий удар		1 0 0	3	0	20	0
мастер кулач		1 0 0	3	0	24	0
мастер палицы		1 0 0	3	0	24	0
мастер секиры		1 0 0	3	0	24	0
мастер меча		1 0 0	3	0	24	0
мастер необыч		1 0 0	3	0	24	0
мастер двуруч		1 0 0	3	0	24	0
мастер копья		1 0 0	3	0	24	0
боевой дух		1 0 0	3	0	25	0
;
; наемник
пьяница *		1 0 0	4	0	1	0
привычка к              1 0 0   4       0       1       0
лесные тропы		1 0 0	4	0	1	0
горные тропы		1 0 0	4	0	1	0
слепой бой		1 0 0	4	0	1	0
;двуручный бой		1 0 0	4	0	1	0
любимое_оружие: голые	1 0 0	4	0	1	0
любимое_оружие: палица	1 0 0	4	0	1	0
любимое_оружие: нож	1 0 0	4	0	1	0
любимое_оружие: необыч	1 0 0	4	0	1	0
любимое_оружие: кинжал	1 0 0	4	0	1	0
любимое_оружие: копье	1 0 0	4	0	1	0
любимое_оружие: лук	1 0 0	4	0	1	0
сила духа		1 0 0	4	0	5	0
легкая поступь		1 0 0	4	0	5	0
мгновенная реакция	1 0 0	4	0	5	0
тяжеловоз *		1 0 0	4	0	5	0
жонглер *		1 0 0	4	0	10	0
травник *		1 0 0	4	0	10	0
деревянная кожа		1 0 0	4	0	10	0
незаметность *		1 0 0	4	0	10	0
выносливость *		1 0 0   4       0       10      0
следопыт *		1 0 0	4	0	10	0
двойной выстрел		1 0 0	4	0	15	0
мощная атака		1 0 0	4	0	20	0
прицельная атака	1 0 0	4	0	20	0
мастер кулач		1 0 0	4	0	24	0
мастер палицы		1 0 0	4	0	24	0
мастер ножа		1 0 0	4	0	24	0
мастер необыч		1 0 0	4	0	24	0
мастер кинжал		1 0 0	4	0	24	0
мастер копья		1 0 0   4       0       24      0
мастер-лучник *		1 0 0	4	0	24	0
улучшенная прицельная	1 0 0	4	0	25	0
улучшенная мощная	1 0 0	4	0	25	0
ловкий удар		1 0 0	4	0	25	0
боевой дух		1 0 0	4	0	25	0
;
; дружинник
непробиваемый *         1 0 0   5       0       1       1
пьяница *		1 0 0	5	0	1	0
привычка к              1 0 0   5       0       1       0
лесные тропы		1 0 0	5	0	1	0
горные тропы		1 0 0	5	0	1	0
слепой бой		1 0 0	5	0	1	0
;двуручный бой		1 0 0	5	0	1	0
любимое_оружие: голые	1 0 0	5	0	1	0
любимое_оружие: палица	1 0 0	5	0	1	0
любимое_оружие: секира	1 0 0	5	0	1	0
любимое_оружие: меч	1 0 0	5	0	1	0
любимое_оружие: нож	1 0 0	5	0	1	0
любимое_оружие: необыч	1 0 0	5	0	1	0
любимое_оружие: двуруч	1 0 0	5	0	1	0
любимое_оружие: кинжал	1 0 0	5	0	1	0
любимое_оружие: копье	1 0 0	5	0	1	0
любимое_оружие: лук	1 0 0	5	0	1	0
сила духа		1 0 0	5	0	1	1
проворство *		1 0 0	5	0	1	1
твердая рука		1 0 0	5	0	1	1
деревянная кожа		1 0 0	5	0	5	0
мгновенная реакция	1 0 0	5	0	5	0
тяжеловоз *		1 0 0	5	0	5	0
жонглер *		1 0 0	5	0	10	0
отбить стрелу		1 0 0	5	0	10	0
выносливость *		1 0 0   5       0       10      0
следопыт *		1 0 0	5	0	10	0
двойной выстрел		1 0 0	5	0	15	0
прицельная атака	1 0 0	5	0	15	0
мощная атака		1 0 0	5	0	15	0
легкая поступь		1 0 0	5	0	15	0
улучшенная прицельная	1 0 0	5	0	20	0
улучшенная мощная	1 0 0	5	0	20	0
ловкий удар		1 0 0	5	0	20	0
мастер кулач		1 0 0	5	0	24	0
мастер палицы		1 0 0	5	0	24	0
мастер секиры		1 0 0	5	0	24	0
мастер меча		1 0 0	5	0	24	0
мастер ножа		1 0 0	5	0	24	0
мастер необыч		1 0 0	5	0	24	0
мастер двуруч		1 0 0	5	0	24	0
мастер кинжал		1 0 0	5	0	24	0
мастер копья		1 0 0	5	0	24	0
мастер-лучник *		1 0 0	5	0	24	0
железная кожа		1 0 0	5	0	25	0
боевой дух		1 0 0	5	0	25	0
;
; кудесник
пьяница *		1 0 0	6	0	1	0
привычка к              1 0 0   6       0       1       0
сила духа		1 0 0	6	0	1	0
лесные тропы		1 0 0	6	0	1	0
горные тропы		1 0 0	6	0	1	0
природный ум		1 0 0	6	0	1	1
любимое_оружие: палица	1 0 0	6	0	5	0
любимое_оружие: нож	1 0 0	6	0	5	0
мгновенная реакция	1 0 0	6	0	5	0
тяжеловоз *		1 0 0	6	0	5	0
жонглер *		1 0 0	6	0	10	0
травник *		1 0 0	6	0	10	0
деревянная кожа		1 0 0	6	0	10	0
выносливость *		1 0 0   6       0       10      0
знаток *		1 0 0	6	0	15	0
боевой дух		1 0 0	6	0	25	0
;
; волшебник
пьяница *		1 0 0	7	0	1	0
привычка к              1 0 0   7       0       1       0
сила духа		1 0 0	7	0	1	0
лесные тропы		1 0 0	7	0	1	0
горные тропы		1 0 0	7	0	1	0
природный ум		1 0 0	7	0	1	1
любимое_оружие: палица	1 0 0	7	0	5	0
любимое_оружие: нож	1 0 0	7	0	5	0
мгновенная реакция	1 0 0	7	0	5	0
тяжеловоз *		1 0 0	7	0	5	0
жонглер *		1 0 0	7	0	10	0
травник *		1 0 0	7	0	10	0
деревянная кожа		1 0 0	7	0	10	0
выносливость *		1 0 0   7       0       10      0
знаток *		1 0 0	7	0	15	0
боевой дух		1 0 0	7	0	25	0
;
; чернокнижник
пьяница *		1 0 0	8	0	1	0
привычка к              1 0 0   8       0       1       0
сила духа		1 0 0	8	0	1	0
лесные тропы		1 0 0	8	0	1	0
горные тропы		1 0 0	8	0	1	0
отличная память		1 0 0	8	0	1	1
любимое_оружие: палица	1 0 0	8	0	5	0
любимое_оружие: нож	1 0 0	8	0	5	0
мгновенная реакция	1 0 0	8	0	5	0
тяжеловоз *		1 0 0	8	0	5	0
жонглер *		1 0 0	8	0	10	0
травник *		1 0 0	8	0	10	0
деревянная кожа		1 0 0	8	0	10	0
выносливость *		1 0 0   8       0       10      0
знаток *		1 0 0	8	0	15	0
боевой дух		1 0 0	8	0	25	0
;
; витязь
пьяница *		1 0 0	9	0	1	0
привычка к              1 0 0   9       0       1       0
лесные тропы		1 0 0	9	0	1	0
горные тропы		1 0 0	9	0	1	0
слепой бой		1 0 0	9	0	1	0
;двуручный бой		1 0 0	9	0	1	0
любимое_оружие: голые	1 0 0	9	0	1	0
любимое_оружие: палица	1 0 0	9	0	1	0
любимое_оружие: секира	1 0 0	9	0	1	0
любимое_оружие: меч	1 0 0	9	0	1	0
любимое_оружие: нож	1 0 0	9	0	1	0
любимое_оружие: необыч	1 0 0	9	0	1	0
любимое_оружие: двуруч	1 0 0	9	0	1	0
любимое_оружие: кинжал	1 0 0	9	0	1	0
любимое_оружие: копье	1 0 0	9	0	1	0
любимое_оружие: лук	1 0 0	9	0	1	0
магическое родство	1 0 0	9	0	1	1
счастливчик *		1 0 0	9	0	1	1
подвижность *		1 0 0	9	0	1	1
боевое колдовство	1 0 0	9	0	1	1
мгновенная реакция	1 0 0	9	0	5	0
сила духа		1 0 0	9	0	5	0
тяжеловоз *		1 0 0	9	0	5	0
жонглер *		1 0 0	9	0	10	0
травник *		1 0 0	9	0	10	0
деревянная кожа		1 0 0	9	0	10	0
выносливость *		1 0 0   9       0       10      0
следопыт *		1 0 0	9	0	10	0
двойной выстрел		1 0 0	9	0	15	0
прицельная атака	1 0 0	9	0	15	0
мощная атака		1 0 0	9	0	15	0
легкая поступь		1 0 0	9	0	15	0
отбить стрелу		1 0 0	9	0	15	0
знаток *		1 0 0	9	0	15	0
улучшенная прицельная	1 0 0	9	0	20	0
улучшенная мощная	1 0 0	9	0	20	0
ловкий удар		1 0 0	9	0	20	0
мастер кулач		1 0 0	9	0	24	0
мастер палицы		1 0 0	9	0	24	0
мастер секиры		1 0 0	9	0	24	0
мастер меча		1 0 0	9	0	24	0
мастер ножа		1 0 0	9	0	24	0
мастер необыч		1 0 0	9	0	24	0
мастер двуруч		1 0 0	9	0	24	0
мастер кинжал		1 0 0	9	0	24	0
мастер копья		1 0 0	9	0	24	0
мастер-лучник *		1 0 0	9	0	24	0
изгоняющий нежить	1 0 0	9	0	25	0
боевой дух		1 0 0	9	0	25	0
;
; охотник
пьяница *		1 0 0	10	0	1	0
привычка к              1 0 0   10      0       1       0
горные тропы		1 0 0	10	0	1	0
слепой бой		1 0 0	10	0	1	0
;двуручный бой		1 0 0	10	0	1	0
легкая поступь		1 0 0	10	0	1	0
любимое_оружие: голые	1 0 0	10	0	1	0
любимое_оружие: палица	1 0 0	10	0	1	0
любимое_оружие: секира	1 0 0	10	0	1	0
любимое_оружие: нож	1 0 0	10	0	1	0
любимое_оружие: необыч	1 0 0	10	0	1	0
любимое_оружие: кинжал	1 0 0	10	0	1	0
любимое_оружие: копье	1 0 0	10	0	1	0
любимое_оружие: лук	1 0 0	10	0	1	0
лесные тропы		1 0 0	10	0	1	1
выносливость *		1 0 0   10      0       1       1
тяжел на		1 0 0	10	0	1	1
сила духа		1 0 0	10	0	5	0
мгновенная реакция	1 0 0	10	0	5	0
тяжеловоз *		1 0 0	10	0	5	0
жонглер *		1 0 0	10	0	10	0
травник *		1 0 0	10	0	10	0
деревянная кожа		1 0 0	10	0	10	0
прицельная атака	1 0 0	10	0	10	0
мощная атака		1 0 0	10	0	10	0
незаметность *		1 0 0	10	0	10	0
следопыт *		1 0 0	10	0	10	0
улучшенная прицельная	1 0 0	10	0	15	0
улучшенная мощная	1 0 0	10	0	15	0
знаток *		1 0 0	10	0	15	0
ловкий удар		1 0 0	10	0	20	0
мастер кулач		1 0 0	10	0	24	0
мастер палицы		1 0 0	10	0	24	0
мастер секиры		1 0 0	10	0	24	0
мастер ножа		1 0 0	10	0	24	0
мастер необыч		1 0 0	10	0	24	0
мастер кинжал		1 0 0	10	0	24	0
мастер копья		1 0 0	10	0	24	0
мастер-лучник *		1 0 0	10	0	24	0
боевой дух		1 0 0	10	0	25	0
;
; кузнец
пьяница *		1 0 0	11	0	1	0
привычка к              1 0 0   11      0       1       0
лесные тропы		1 0 0	11	0	1	0
горные тропы		1 0 0	11	0	1	0
слепой бой		1 0 0	11	0	1	0
;двуручный бой		1 0 0	11	0	1	0
любимое_оружие: голые	1 0 0	11	0	1	0
любимое_оружие: палица	1 0 0	11	0	1	0
любимое_оружие: секира	1 0 0	11	0	1	0
любимое_оружие: меч	1 0 0	11	0	1	0
любимое_оружие: нож	1 0 0	11	0	1	0
любимое_оружие: необыч	1 0 0	11	0	1	0
любимое_оружие: двуруч	1 0 0	11	0	1	0
любимое_оружие: кинжал	1 0 0	11	0	1	0
любимое_оружие: копье	1 0 0	11	0	1	0
тяжел на		1 0 0	11	0	1	1
сила духа		1 0 0	11	0	5	0
предсмертная ярость	1 0 0	11	0	5	0
мгновенная реакция	1 0 0	11	0	5	0
тяжеловоз *		1 0 0	11	0	5	0
жонглер *		1 0 0	11	0	10	0
травник *		1 0 0	11	0	10	0
деревянная кожа		1 0 0	11	0	10	0
прицельная атака	1 0 0	11	0	10	0
мощная атака		1 0 0	11	0	10	0
выносливость *		1 0 0   11      0       10      0
следопыт *		1 0 0	11	0	10	0
знаток *		1 0 0	11	0	10	1
улучшенная прицельная	1 0 0	11	0	15	0
улучшенная мощная	1 0 0	11	0	15	0
легкая поступь		1 0 0	11	0	15	0
отбить стрелу		1 0 0	11	0	15	0
ловкий удар		1 0 0	11	0	20	0
мастер кулач		1 0 0	11	0	24	0
мастер палицы		1 0 0	11	0	24	0
мастер секиры		1 0 0	11	0	24	0
мастер меча		1 0 0	11	0	24	0
мастер ножа		1 0 0	11	0	24	0
мастер необыч		1 0 0	11	0	24	0
мастер двуруч		1 0 0	11	0	24	0
мастер кинжал		1 0 0	11	0	24	0
мастер копья		1 0 0	11	0	24	0
боевой дух		1 0 0	11	0	25	0
;
; купец
пьяница *		1 0 0	12	0	1	0
привычка к              1 0 0   12      0       1       0
лесные тропы		1 0 0	12	0	1	0
горные тропы		1 0 0	12	0	1	0
слепой бой		1 0 0	12	0	1	0
;двуручный бой		1 0 0	12	0	1	0
любимое_оружие: голые	1 0 0	12	0	1	0
любимое_оружие: палица	1 0 0	12	0	1	0
любимое_оружие: нож	1 0 0	12	0	1	0
любимое_оружие: необыч	1 0 0	12	0	1	0
любимое_оружие: кинжал	1 0 0	12	0	1	0
любимое_оружие: копье	1 0 0	12	0	1	0
выносливость *		1 0 0   12      0       1       1
отличная память		1 0 0	12	0	1	1
магическое чутье	1 0 0	12	0	1	1
боевое колдовство	1 0 0	12	0	1	1
сила духа		1 0 0	12	0	5	0
мгновенная реакция	1 0 0	12	0	5	0
тяжеловоз *		1 0 0	12	0	5	0
жонглер *		1 0 0	12	0	10	0
травник *		1 0 0	12	0	10	0
деревянная кожа		1 0 0	12	0	10	0
незаметность *		1 0 0	12	0	10	0
легкая поступь		1 0 0	12	0	15	0
знаток *		1 0 0	12	0	15	1
мастер палицы		1 0 0	12	0	24	0
мастер ножа		1 0 0	12	0	24	0
мастер кинжала		1 0 0	12	0	24	0
мастер копья		1 0 0	12	0	24	0
боевой дух		1 0 0	12	0	25	0
;
; волхв
пьяница *		1 0 0	13	0	1	0
привычка к              1 0 0   13      0       1       0
сила духа		1 0 0	13	0	1	0
лесные тропы		1 0 0	13	0	1	0
горные тропы		1 0 0	13	0	1	0
слепой бой		1 0 0	13	0	1	0
;двуручный бой		1 0 0	13	0	1	0
любимое_оружие: голые	1 0 0	13	0	1	0
любимое_оружие: палица	1 0 0	13	0	1	0
любимое_оружие: нож	1 0 0	13	0	1	0
любимое_оружие: необыч	1 0 0	13	0	1	0
любимое_оружие: копье	1 0 0	13	0	1	0
выносливость *		1 0 0   13      0       1       1
быстрое заживление	1 0 0	13	0	1	1
боевое колдовство	1 0 0	13	0	1	1
мгновенная реакция	1 0 0	13	0	5	0
тяжеловоз *		1 0 0	13	0	5	0
жонглер *		1 0 0	13	0	10	0
травник *		1 0 0	13	0	10	1
деревянная кожа		1 0 0	13	0	10	0
легкая поступь		1 0 0	13	0	15	0
знаток *		1 0 0	13	0	15	0
боевой дух		1 0 0	13	0	25	0
толкователь рун		1 0 0	13	8	1	0
тайные руны		1 0 0	13	11	1	0
заветные руны		1 0 0	13	14	1	0
руны богов		1 0 0	13	17	1	0
; 
