;Skill name         Class    Improve devider(1,100) 
; 0 - slow  50 - medium  100 - fast
;                       Расса Класс Реморт Уровень
;Русичи(лекарь)
лидерство *		0 0 0 1 12000
опознание *		0 0 0 1	3000
лечить *		0 0 0 1	38000
кулачный бой		0 0 0 1	4000
палицы и		0 0 0 1	100
секиры *		0 0 0 1 150
иное оружие		0 0 0 1	100
короткие лезвия		0 0 0 1	100
проникающее оружие	0 0 0 1 100
копья и			0 0 0 1 150
луки *			0 0 0 1 150
опохмелиться *		0 0 0 1	54000
горное дело		0 0 0 1	600
изгнать нежить		0 0 0 1 12000
;
;Русичи(колдун)
лидерство *		0 1 0 1	1200
опознание *		0 1 0 1	3000
кулачный бой		0 1 0 1	100
палицы и		0 1 0 1	100
короткие лезвия		0 1 0 1	100
иное оружие		0 1 0 1	100
опохмелиться *		0 1 0 1	94000
горное дело		0 1 0 1	600
; 
;Русичи(тать)
лидерство *		0 2 0 1	1200
подножка *		0 2 0 1	3500
замести следы		0 2 0 1	4000
заколоть *		0 2 0 1	4500
спрятаться *		0 2 0 1	200
взломать *		0 2 0 1	5000
кулачный бой		0 2 0 1	200
подкрасться *		0 2 0 1	3000
украсть *		0 2 0 1	5000
короткие лезвия		0 2 0 1	100
палицы и		0 2 0 1	100
проникающее *		0 2 0 1	100
иное оружие		0 2 0 1	100
прислушаться *		0 2 0 1	90
уклониться *		0 2 0 1 4000
подсмотреть *  		0 2 0 1	300
опохмелиться *		0 2 0 1	94000
копья и			0 2 0 1	100
луки *			0 2 0 1 200
горное дело		0 2 0 1	600
;
;Русичи (богатырь)
лидерство *		0 3 0 1	1200
перехватить *		0 3 0 1	3000
прикрыть * 		0 3 0 1	3000
удар левой		0 3 0 1	200
богатырский молот	0 3 0 1	1500
оглушить *      	0 3 0 1	3500
сражение верхом		0 3 0 1	100
опохмелиться *		0 3 0 1	94000
пнуть *			0 3 0 1	1500
кулачный бой		0 3 0 1	200
спасти *		0 3 0 1	3500
выследить *		0 3 0 1	3000
палицы и		0 3 0 1	100
секиры *		0 3 0 1	100
длинные лезвия		0 3 0 1	100
короткие лезвия		0 3 0 1	100
иное оружие		0 3 0 1	100
двуручники *		0 3 0 1	100
проникающее оружие	0 3 0 1	100
копья и 		0 3 0 1	100
обезоружить *		0 3 0 1	3000
ярость *		0 3 0 1	100
горное дело		0 3 0 1	600
боевой клич		0 3 0 1 300
;
;Русичи (наемник)
лидерство *		0 4 0 1	1200
отравить *		0 4 0 1	19500
замести следы		0 4 0 1	2500
;уклониться *		0 4 0 1	3000
прислушаться *		0 4 0 1	90
;подсмотреть *		0 4 0 1	200
опохмелиться *		0 4 0 1	94000
заколоть *		0 4 0 1	6000
спрятаться *		0 4 0 1	200
кулачный бой 		0 4 0 1	100
палицы и		0 4 0 1	100
подкрасться *		0 4 0 1	30000
выследить *		0 4 0 1	4000
подножка *		0 4 0 1	3500
короткие лезвия		0 4 0 1	200
иное оружие 		0 4 0 1	100
проникающее оружие	0 4 0 1	200	
копья и			0 4 0 1	100
луки *			0 4 0 1 200
скрытый удар		0 4 0 1	100
осторожный стиль	0 4 0 1	200
горное дело		0 4 0 1	600
;
;Русичи (дружинник)
лечить *		0 5 0 1	23500
сбить *			0 5 0 1	3500
сражение верхом		0 5 0 1	100
веерная защита		0 5 0 1	150
лидерство *		0 5 0 1	950
;точный стиль		0 5 0 1	3500
осторожный стиль	0 5 0 1	100
опохмелиться *		0 5 0 1	94000
пнуть *			0 5 0 1	1500
кулачный бой		0 5 0 1	100
спасти *		0 5 0 1	3500
выследить *		0 5 0 1	3500
палицы и		0 5 0 1	200
секиры *		0 5 0 1	200
длинные лезвия		0 5 0 1	200
короткие лезвия		0 5 0 1	100
иное оружие		0 5 0 1	200
двуручники *		0 5 0 1	200
проникающее оружие	0 5 0 1	100
копья и 		0 5 0 1	300
обезоружить *		0 5 0 1	3500
парировать *		0 5 0 1	4000
луки *			0 5 0 1	100
горное дело		0 5 0 1	600
;
;Русичи (волшебник)
лидерство *		0 6 0 1	1200
сражение верхом		0 6 0 1 100
опознание *		0 6 0 1	3000
кулачный бой		0 6 0 1	100
палицы и		0 6 0 1	100
иное оружие		0 6 0 1	100
короткие лезвия		0 6 0 1	100
опохмелиться *		0 6 0 1	54000
горное дело		0 6 0 1	600
;
;Русичи (кудесник)
лидерство *		0 7 0 1	1200
опознание *		0 7 0 1	3000
кулачный бой		0 7 0 1	100
палицы и		0 7 0 1	100
иное оружие		0 7 0 1	100
врата *			0 7 0 1	50000
короткие лезвия		0 7 0 1	100
опохмелиться *		0 7 0 1	54000
горное дело		0 7 0 1	600
;
;Русичи (чернокнижник)
лидерство *		0 8 0 1	1200
опознание *		0 8 0 1	3000
;отравить *		0 8 0 1	3500
кулачный бой		0 8 0 1	100
палицы и		0 8 0 1	300
иное оружие		0 8 0 1	300
короткие лезвия		0 8 0 1	100
опохмелиться *		0 8 0 1	54000
горное дело		0 8 0 1	600
;
;Русичи (витязь)
сражение верхом		0 9 0 1	100
лидерство *		0 9 0 1	950
точный стиль		0 9 0 1	600
опознание *		0 9 0 1	2500
опохмелиться *		0 9 0 1	94000
лечить *		0 9 0 1	30000
сбить *			0 9 0 1	3500
палицы и		0 9 0 1	100
блокировать щитом	0 9 0 1	1500
пнуть *			0 9 0 1	1500
кулачный бой		0 9 0 1	100
спасти *		0 9 0 1	3500
выследить *		0 9 0 1	3500
секиры *		0 9 0 1	200
длинные лезвия		0 9 0 1	200
короткие лезвия		0 9 0 1	100
иное оружие		0 9 0 1	100
двуручники *		0 9 0 1	300
проникающее оружие	0 9 0 1	100
копья и			0 9 0 1	200
луки *			0 9 0 1	100
обезоружить *		0 9 0 1	3500
парировать *		0 9 0 1	4000
горное дело		0 9 0 1	600
изгнать нежить		0 9 0 1 25000
;
;Русичи (охотник)
лидерство *		0 10 0 1	1200
найти *			0 10 0 1	150
приглядеться *		0 10 0 1	90
маскировка *		0 10 0 1	3500
сражение верхом		0 10 0 1	300
замести следы		0 10 0 1	3000
освежевать *		0 10 0 1	3000
опознание *		0 10 0 1	3500
опохмелиться *		0 10 0 1	93500
пнуть *			0 10 0 1	1500
кулачный бой		0 10 0 1	100
спасти *		0 10 0 1	3500
выследить *		0 10 0 1	3500
палицы и		0 10 0 1	100
секиры *		0 10 0 1	200
короткие лезвия		0 10 0 1	100
иное оружие		0 10 0 1	100
проникающее оружие	0 10 0 1	100
копья и			0 10 0 1	200
обезоружить *		0 10 0 1	3500
уклониться *		0 10 0 1	2500
разжечь костер		0 10 0 1	14500
луки *			0 10 0 1	200
дополнительный выстрел	0 10 0 1	200
парировать *		0 10 0 1	1500
смастерить лук          0 10 0 1	1000
сбить *			0 10 0 1	1500
горное дело		0 10 0 1	600
;
;Русичи (кузнец)
лидерство *		0 11 0 1	1200
ремонт *		0 11 0 1	4500
заточить *		0 11 0 1	1000
укрепить *  		0 11 0 1	1000
сражение верхом		0 11 0 1	300
оглушить *		0 11 0 1	3500
опознание *		0 11 0 1	3500
опохмелиться *		0 11 0 1	95000
сбить *			0 11 0 1	3500
пнуть *			0 11 0 1	1500
кулачный бой		0 11 0 1	200
спасти *		0 11 0 1	3500
выследить *		0 11 0 1	3500
палицы *		0 11 0 1	200
парировать *		0 11 0 1	2000
секиры *		0 11 0 1	500
длинные лезвия		0 11 0 1	200
короткие лезвия		0 11 0 1	100
иное оружие		0 11 0 1	300
двуручники *		0 11 0 1	300
проникающее оружие	0 11 0 1	100
копья и 		0 11 0 1	200
перековать *		0 11 0 1	2000
ярость *		0 11 0 1	70
;выковать *		0 11 0 1	3500
;расплавить *		0 11 0 1	3500
горное дело		0 11 0 1	1000
ювелир *		0 11 0 1	600
обезоружить *		0 11 0 1	3000
;
;Русичи (купец)
лидерство *		0 12 0 1	1200
опознание *		0 12 0 1	4000
осторожный стиль	0 12 0 1	100
сражение верхом         0 12 0 1        200
прислушаться *		0 12 0 1	3500
опохмелиться *		0 12 0 1	95000
спрятаться *		0 12 0 1	200
пнуть *			0 12 0 1	1500
кулачный бой		0 12 0 1	300
украсть *		0 12 0 1	500
палицы и 		0 12 0 1	100
короткие лезвия		0 12 0 1	200
иное оружие		0 12 0 1	300
проникающее оружие	0 12 0 1	300
метнуть	*		0 12 0 1	2000	
копья и			0 12 0 1	100
;выкупить		0 12 0 1	400
горное дело		0 12 0 1	600
;
;Русичи (волхв) 
лидерство *		0 13 0 1	1200
опознание *		0 13 0 1	3000
сглазить *		0 13 0 1	10000
кулачный бой		0 13 0 1	100
палицы и		0 13 0 1	100
иное оружие		0 13 0 1	100
короткие лезвия		0 13 0 1	100
копья и			0 13 0 1	150
опохмелиться *		0 13 0 1	54000
горное дело		0 13 0 1	600
;
;
;Варяги(лекарь)
лидерство *		1 0 0 1 12000
опознание *		1 0 0 1	3000
лечить *		1 0 0 1	24000
кулачный бой		1 0 0 1	4000
палицы и		1 0 0 1	100
иное оружие		1 0 0 1	100
короткие лезвия		1 0 0 1	100
опохмелиться *		1 0 0 1	54000
горное дело		1 0 0 1	600
;
;Варяги(колдун)
лидерство *		1 1 0 1	1200
опознание *		1 1 0 1	3000
кулачный бой		1 1 0 1	100
палицы и		1 1 0 1	100
короткие лезвия		1 1 0 1	100
иное оружие		1 1 0 1	100
опохмелиться *		1 1 0 1	94000
горное дело		1 1 0 1	600
; 
;Варяги(тать)
лидерство *		1 2 0 1	1200
подножка *		1 2 0 1	3500
замести следы		1 2 0 1	4000
заколоть *		1 2 0 1	4500
спрятаться *		1 2 0 1	200
взломать *		1 2 0 1	5000
кулачный бой		1 2 0 1	200
подкрасться *		1 2 0 1	3000
украсть *		1 2 0 1	600
короткие лезвия		1 2 0 1	100
палицы и		1 2 0 1	100
проникающее *		1 2 0 1	100
иное оружие		1 2 0 1	100
прислушаться *		1 2 0 1	90
уклониться *		1 2 0 1 4000
подсмотреть *  		1 2 0 1	300
опохмелиться *		1 2 0 1	94000
копья и			1 2 0 1	100
горное дело		1 2 0 1	600
;
;Варяги (богатырь)
лидерство *		1 3 0 1	1200
перехватить *		1 3 0 1	3000
прикрыть * 		1 3 0 1	3000
удар левой		1 3 0 1	200
богатырский молот	1 3 0 1	1500
оглушить *      	1 3 0 1	3500
сражение верхом		1 3 0 1	100
опохмелиться *		1 3 0 1	94000
пнуть *			1 3 0 1	1500
кулачный бой		1 3 0 1	200
спасти *		1 3 0 1	3500
выследить *		1 3 0 1	3000
палицы и		1 3 0 1	100
секиры *		1 3 0 1	100
длинные лезвия		1 3 0 1	100
короткие лезвия		1 3 0 1	100
иное оружие		1 3 0 1	100
двуручники *		1 3 0 1	100
проникающее оружие	1 3 0 1	100
копья и 		1 3 0 1	100
обезоружить *		1 3 0 1	3000
ярость *		1 3 0 1	100
горное дело		1 3 0 1	600
;
;Варяги (наемник)
лидерство *		1 4 0 1	1200
отравить *		1 4 0 1	19500
замести следы		1 4 0 1	2500
;уклониться *		1 4 0 1	3000
прислушаться *		1 4 0 1	90
;подсмотреть *		1 4 0 1	200
опохмелиться *		1 4 0 1	94000
заколоть *		1 4 0 1	6000
спрятаться *		1 4 0 1	200
кулачный бой 		1 4 0 1	100
подкрасться *		1 4 0 1	30000
выследить *		1 4 0 1	4000
подножка *		1 4 0 1	3500
короткие лезвия		1 4 0 1	200
иное оружие 		1 4 0 1	100
проникающее оружие	1 4 0 1	200	
копья и			1 4 0 1	100
скрытый удар		1 4 0 1	100
осторожный стиль	1 4 0 1	200
горное дело		1 4 0 1	600
;
;Варяги (дружинник)
лечить *		1 5 0 1	23500
сбить *			1 5 0 1	3500
сражение верхом		1 5 0 1	100
веерная защита		1 5 0 1	20
лидерство *		1 5 0 1	950
;точный стиль		1 5 0 1	3500
осторожный стиль	1 5 0 1	100
опохмелиться *		1 5 0 1	94000
пнуть *			1 5 0 1	1500
кулачный бой		1 5 0 1	100
спасти *		1 5 0 1	3500
выследить *		1 5 0 1	3500
палицы и		1 5 0 1	200
секиры *		1 5 0 1	200
длинные лезвия		1 5 0 1	200
короткие лезвия		1 5 0 1	100
иное оружие		1 5 0 1	200
двуручники *		1 5 0 1	200
проникающее оружие	1 5 0 1	100
копья и 		1 5 0 1	300
обезоружить *		1 5 0 1	3500
парировать *		1 5 0 1	4000
луки *			1 5 0 1	100
горное дело		1 5 0 1	600
;
;Варяги (волшебник)
лидерство *		1 6 0 1	1200
сражение верхом		1 6 0 1 100
опознание *		1 6 0 1	3000
кулачный бой		1 6 0 1	100
палицы и		1 6 0 1	100
иное оружие		1 6 0 1	100
короткие лезвия		1 6 0 1	100
опохмелиться *		1 6 0 1	54000
горное дело		1 6 0 1	600
;
;Варяги (кудесник)
лидерство *		1 7 0 1	1200
опознание *		1 7 0 1	3000
кулачный бой		1 7 0 1	100
палицы и		1 7 0 1	100
иное оружие		1 7 0 1	100
врата *			1 7 0 1	50000
короткие лезвия		1 7 0 1	100
опохмелиться *		1 7 0 1	54000
горное дело		1 7 0 1	600
;
;Варяги (чернокнижник)
лидерство *		1 8 0 1	1200
опознание *		1 8 0 1	3000
отравить *		1 8 0 1	3500
кулачный бой		1 8 0 1	100
палицы и		1 8 0 1	300
иное оружие		1 8 0 1	300
короткие лезвия		1 8 0 1	100
опохмелиться *		1 8 0 1	54000
горное дело		1 8 0 1	600
;
;Варяги (витязь)
сражение верхом		1 9 0 1	100
лидерство *		1 9 0 1	950
точный стиль		1 9 0 1	300
опознание *		1 9 0 1	2500
опохмелиться *		1 9 0 1	94000
лечить *		1 9 0 1	23500
сбить *			1 9 0 1	3500
палицы и		1 9 0 1	100
блокировать щитом	1 9 0 1	1500
пнуть *			1 9 0 1	1500
кулачный бой		1 9 0 1	100
спасти *		1 9 0 1	3500
выследить *		1 9 0 1	3500
секиры *		1 9 0 1	200
длинные лезвия		1 9 0 1	200
короткие лезвия		1 9 0 1	100
иное оружие		1 9 0 1	100
двуручники *		1 9 0 1	300
проникающее оружие	1 9 0 1	100
копья и			1 9 0 1	200
обезоружить *		1 9 0 1	3500
парировать *		1 9 0 1	4000
горное дело		1 9 0 1	600
;
;Варяги (охотник)
лидерство *		1 10 0 1	1200
найти *			1 10 0 1	150
приглядеться *		1 10 0 1	90
маскировка *		1 10 0 1	3500
сражение верхом		1 10 0 1	300
замести следы		1 10 0 1	3000
освежевать *		1 10 0 1	3000
опознание *		1 10 0 1	3500
опохмелиться *		1 10 0 1	93500
пнуть *			1 10 0 1	1500
кулачный бой		1 10 0 1	100
спасти *		1 10 0 1	3500
выследить *		1 10 0 1	3500
палицы и		1 10 0 1	100
короткие лезвия		1 10 0 1	100
иное оружие		1 10 0 1	100
проникающее оружие	1 10 0 1	100
копья и			1 10 0 1	200
обезоружить *		1 10 0 1	3500
уклониться *		1 10 0 1	2500
разжечь костер		1 10 0 1	14500
луки *			1 10 0 1	200
дополнительный выстрел	1 10 0 1	200
парировать *		1 10 0 1	1500
смастерить лук          1 10 0 1	1000
сбить *			1 10 0 1	1500
горное дело		1 10 0 1	600
;
;Варяги (кузнец)
лидерство *		1 11 0 1	1200
ремонт *		1 11 0 1	4500
заточить *		1 11 0 1	1000
укрепить *  		1 11 0 1	1000
сражение верхом		1 11 0 1	300
оглушить *		1 11 0 1	3500
опознание *		1 11 0 1	3500
опохмелиться *		1 11 0 1	95000
сбить *			1 11 0 1	3500
пнуть *			1 11 0 1	1500
кулачный бой		1 11 0 1	200
спасти *		1 11 0 1	3500
выследить *		1 11 0 1	3500
палицы *		1 11 0 1	200
парировать *		1 11 0 1	2000
секиры *		1 11 0 1	500
длинные лезвия		1 11 0 1	200
короткие лезвия		1 11 0 1	100
иное оружие		1 11 0 1	300
двуручники *		1 11 0 1	300
проникающее оружие	1 11 0 1	100
копья и 		1 11 0 1	200
перековать *		1 11 0 1	2000
ярость *		1 11 0 1	70
;выковать *		1 11 0 1	3500
;расплавить *		1 11 0 1	3500
горное дело		1 11 0 1	1000
ювелир *		1 11 0 1	600
обезоружить *		1 11 0 1	3000
;
;Варяги (купец)
лидерство *		1 12 0 1	1200
опознание *		1 12 0 1	4000
осторожный стиль	1 12 0 1	100
прислушаться *		1 12 0 1	3500
опохмелиться *		1 12 0 1	95000
спрятаться *		1 12 0 1	200
пнуть *			1 12 0 1	1500
взломать *		1 12 0 1	4000
кулачный бой		1 12 0 1	300
украсть *		1 12 0 1	500
палицы и 		1 12 0 1	100
короткие лезвия		1 12 0 1	200
иное оружие		1 12 0 1	300
проникающее оружие	1 12 0 1	300
метнуть	*		1 12 0 1	2000	
копья и			1 12 0 1	100
;выкупить		1 12 0 1	400
горное дело		1 12 0 1	600
;
;Варяги (волхв) 
лидерство *		1 13 0 1	1200
опознание *		1 13 0 1	3000
сглазить *		1 13 0 1	10000
кулачный бой		1 13 0 1	100
палицы и		1 13 0 1	100
иное оружие		1 13 0 1	100
короткие лезвия		1 13 0 1	100
опохмелиться *		1 13 0 1	54000
горное дело		1 13 0 1	600
;
;
;Степняки(лекарь)
лидерство *		2 0 0 1 12000
опознание *		2 0 0 1	3000
лечить *		2 0 0 1	24000
кулачный бой		2 0 0 1	4000
палицы и		2 0 0 1	100
иное оружие		2 0 0 1	100
короткие лезвия		2 0 0 1	100
опохмелиться *		2 0 0 1	54000
горное дело		2 0 0 1	600
;
;Степняки(колдун)
лидерство *		2 1 0 1	1200
опознание *		2 1 0 1	3000
кулачный бой		2 1 0 1	100
палицы и		2 1 0 1	100
короткие лезвия		2 1 0 1	100
иное оружие		2 1 0 1	100
опохмелиться *		2 1 0 1	94000
горное дело		2 1 0 1	600
; 
;Степняки(тать)
лидерство *		2 2 0 1	1200
подножка *		2 2 0 1	3500
замести следы		2 2 0 1	4000
заколоть *		2 2 0 1	4500
спрятаться *		2 2 0 1	200
взломать *		2 2 0 1	5000
кулачный бой		2 2 0 1	200
подкрасться *		2 2 0 1	3000
украсть *		2 2 0 1	600
короткие лезвия		2 2 0 1	100
палицы и		2 2 0 1	100
проникающее *		2 2 0 1	100
иное оружие		2 2 0 1	100
прислушаться *		2 2 0 1	90
уклониться *		2 2 0 1 4000
подсмотреть *  		2 2 0 1	300
опохмелиться *		2 2 0 1	94000
копья и			2 2 0 1	100
горное дело		2 2 0 1	600
;
;Степняки (богатырь)
лидерство *		2 3 0 1	1200
перехватить *		2 3 0 1	3000
прикрыть * 		2 3 0 1	3000
удар левой		2 3 0 1	200
богатырский молот	2 3 0 1	1500
оглушить *      	2 3 0 1	3500
сражение верхом		2 3 0 1	100
опохмелиться *		2 3 0 1	94000
пнуть *			2 3 0 1	1500
кулачный бой		2 3 0 1	200
спасти *		2 3 0 1	3500
выследить *		2 3 0 1	3000
палицы и		2 3 0 1	100
секиры *		2 3 0 1	100
длинные лезвия		2 3 0 1	100
короткие лезвия		2 3 0 1	100
иное оружие		2 3 0 1	100
двуручники *		2 3 0 1	100
проникающее оружие	2 3 0 1	100
копья и 		2 3 0 1	100
обезоружить *		2 3 0 1	3000
ярость *		2 3 0 1	100
горное дело		2 3 0 1	600
;
;Степняки (наемник)
лидерство *		2 4 0 1	1200
отравить *		2 4 0 1	19500
замести следы		2 4 0 1	2500
;уклониться *		2 4 0 1	3000
прислушаться *		2 4 0 1	90
;подсмотреть *		2 4 0 1	200
опохмелиться *		2 4 0 1	94000
заколоть *		2 4 0 1	6000
спрятаться *		2 4 0 1	200
кулачный бой 		2 4 0 1	100
подкрасться *		2 4 0 1	30000
выследить *		2 4 0 1	4000
подножка *		2 4 0 1	3500
короткие лезвия		2 4 0 1	200
иное оружие 		2 4 0 1	100
проникающее оружие	2 4 0 1	200	
копья и			2 4 0 1	100
скрытый удар		2 4 0 1	100
осторожный стиль	2 4 0 1	200
горное дело		2 4 0 1	600
;
;Степняки (дружинник)
лечить *		2 5 0 1	23500
сбить *			2 5 0 1	3500
сражение верхом		2 5 0 1	100
веерная защита		2 5 0 1	20
лидерство *		2 5 0 1	950
;точный стиль		2 5 0 1	3500
осторожный стиль	2 5 0 1	100
опохмелиться *		2 5 0 1	94000
пнуть *			2 5 0 1	1500
кулачный бой		2 5 0 1	100
спасти *		2 5 0 1	3500
выследить *		2 5 0 1	3500
палицы и		2 5 0 1	200
секиры *		2 5 0 1	200
длинные лезвия		2 5 0 1	200
короткие лезвия		2 5 0 1	100
иное оружие		2 5 0 1	200
двуручники *		2 5 0 1	200
проникающее оружие	2 5 0 1	100
копья и 		2 5 0 1	300
обезоружить *		2 5 0 1	3500
парировать *		2 5 0 1	4000
луки *			2 5 0 1	100
горное дело		2 5 0 1	600
;
;Степняки (волшебник)
лидерство *		2 6 0 1	1200
сражение верхом		2 6 0 1 100
опознание *		2 6 0 1	3000
кулачный бой		2 6 0 1	100
палицы и		2 6 0 1	100
иное оружие		2 6 0 1	100
короткие лезвия		2 6 0 1	100
опохмелиться *		2 6 0 1	54000
горное дело		2 6 0 1	600
;
;Степняки (кудесник)
лидерство *		2 7 0 1	1200
опознание *		2 7 0 1	3000
кулачный бой		2 7 0 1	100
палицы и		2 7 0 1	100
иное оружие		2 7 0 1	100
врата *			2 7 0 1	50000
короткие лезвия		2 7 0 1	100
опохмелиться *		2 7 0 1	54000
горное дело		2 7 0 1	600
;
;Степняки (чернокнижник)
лидерство *		2 8 0 1	1200
опознание *		2 8 0 1	3000
отравить *		2 8 0 1	3500
кулачный бой		2 8 0 1	100
палицы и		2 8 0 1	300
иное оружие		2 8 0 1	300
короткие лезвия		2 8 0 1	100
опохмелиться *		2 8 0 1	54000
горное дело		2 8 0 1	600
;
;Степняки (витязь)
сражение верхом		2 9 0 1	100
лидерство *		2 9 0 1	950
точный стиль		2 9 0 1	300
опознание *		2 9 0 1	2500
опохмелиться *		2 9 0 1	94000
лечить *		2 9 0 1	23500
сбить *			2 9 0 1	3500
палицы и		2 9 0 1	100
блокировать щитом	2 9 0 1	1500
пнуть *			2 9 0 1	1500
кулачный бой		2 9 0 1	100
спасти *		2 9 0 1	3500
выследить *		2 9 0 1	3500
секиры *		2 9 0 1	200
длинные лезвия		2 9 0 1	200
короткие лезвия		2 9 0 1	100
иное оружие		2 9 0 1	100
двуручники *		2 9 0 1	300
проникающее оружие	2 9 0 1	100
копья и			2 9 0 1	200
обезоружить *		2 9 0 1	3500
парировать *		2 9 0 1	4000
горное дело		2 9 0 1	600
;
;Степняки (охотник)
лидерство *		2 10 0 1	1200
найти *			2 10 0 1	150
приглядеться *		2 10 0 1	90
маскировка *		2 10 0 1	3500
сражение верхом		2 10 0 1	300
замести следы		2 10 0 1	3000
освежевать *		2 10 0 1	3000
опознание *		2 10 0 1	3500
опохмелиться *		2 10 0 1	93500
пнуть *			2 10 0 1	1500
кулачный бой		2 10 0 1	100
спасти *		2 10 0 1	3500
выследить *		2 10 0 1	3500
палицы и		2 10 0 1	100
короткие лезвия		2 10 0 1	100
иное оружие		2 10 0 1	100
проникающее оружие	2 10 0 1	100
копья и			2 10 0 1	200
обезоружить *		2 10 0 1	3500
уклониться *		2 10 0 1	2500
разжечь костер		2 10 0 1	14500
луки *			2 10 0 1	200
дополнительный выстрел	2 10 0 1	200
парировать *		2 10 0 1	1500
смастерить лук          2 10 0 1	1000
сбить *			2 10 0 1	1500
горное дело		2 10 0 1	600
;
;Степняки (кузнец)
лидерство *		2 11 0 1	1200
ремонт *		2 11 0 1	4500
заточить *		2 11 0 1	1000
укрепить *  		2 11 0 1	1000
сражение верхом		2 11 0 1	300
оглушить *		2 11 0 1	3500
опознание *		2 11 0 1	3500
опохмелиться *		2 11 0 1	95000
сбить *			2 11 0 1	3500
пнуть *			2 11 0 1	1500
кулачный бой		2 11 0 1	200
спасти *		2 11 0 1	3500
выследить *		2 11 0 1	3500
палицы *		2 11 0 1	200
парировать *		2 11 0 1	2000
секиры *		2 11 0 1	500
длинные лезвия		2 11 0 1	200
короткие лезвия		2 11 0 1	100
иное оружие		2 11 0 1	300
двуручники *		2 11 0 1	300
проникающее оружие	2 11 0 1	100
копья и 		2 11 0 1	200
перековать *		2 11 0 1	2000
ярость *		2 11 0 1	70
;выковать *		2 11 0 1	3500
;расплавить *		2 11 0 1	3500
горное дело		2 11 0 1	1000
ювелир *		2 11 0 1	600
обезоружить *		2 11 0 1	3000
;
;Степняки (купец)
лидерство *		2 12 0 1	1200
опознание *		2 12 0 1	4000
осторожный стиль	2 12 0 1	100
прислушаться *		2 12 0 1	3500
опохмелиться *		2 12 0 1	95000
спрятаться *		2 12 0 1	200
пнуть *			2 12 0 1	1500
взломать *		2 12 0 1	4000
кулачный бой		2 12 0 1	300
украсть *		2 12 0 1	500
палицы и 		2 12 0 1	100
короткие лезвия		2 12 0 1	200
иное оружие		2 12 0 1	300
проникающее оружие	2 12 0 1	300
метнуть	*		2 12 0 1	2000	
копья и			2 12 0 1	100
;выкупить		2 12 0 1	400
горное дело		2 12 0 1	600
;
;Степняки (волхв) 
лидерство *		2 13 0 1	1200
опознание *		2 13 0 1	3000
сглазить *		2 13 0 1	10000
кулачный бой		2 13 0 1	100
палицы и		2 13 0 1	100
иное оружие		2 13 0 1	100
короткие лезвия		2 13 0 1	100
опохмелиться *		2 13 0 1	54000
горное дело		2 13 0 1	600
